<?xml version="1.0" encoding="UTF-8"?>
<testsuite xmlns:xsi="http://www.w3.org/2001/XMLSchema-instance" xsi:noNamespaceSchemaLocation="https://maven.apache.org/surefire/maven-surefire-plugin/xsd/surefire-test-report.xsd" version="3.0.2" name="com.develop.project.botzomboid.BotZomboidApplicationTests" time="1.013" tests="1" errors="0" skipped="0" failures="0">
  <properties>
[...]
</properties>
  <testcase name="contextLoads" classname="com.develop.project.botzomboid.BotZomboidApplicationTests" time="0.302">
    <system-out><![CDATA[20:31:20.698 [main] INFO org.springframework.test.context.support.AnnotationConfigContextLoaderUtils -- Could not detect default configuration classes for test class [com.develop.project.botzomboid.BotZomboidApplicationTests]: BotZomboidApplicationTests does not declare any static, non-private, non-final, nested classes annotated with @Configuration.
20:31:20.745 [main] INFO org.springframework.boot.test.context.SpringBootTestContextBootstrapper -- Found @SpringBootConfiguration com.develop.project.botzomboid.BotZomboidApplication for test class com.develop.project.botzomboid.BotZomboidApplicationTests

  .   ____          _            __ _ _
 /\\ / ___'_ __ _ _(_)_ __  __ _ \ \ \ \
( ( )\___ | '_ | '_| | '_ \/ _` | \ \ \ \
 \\/  ___)| |_)| | | | | || (_| |  ) ) ) )
  '  |____| .__|_| |_|_| |_\__, | / / / /
 =========|_|==============|___/=/_/_/_/

 :: Spring Boot ::                (v3.5.3)

2025-09-09T20:31:20.888+05:00  INFO 5110 --- [BotZomboid] [           main] c.d.p.b.BotZomboidApplicationTests       : Starting BotZomboidApplicationTests using Java 24.0.2 with PID 5110 (started by maksimkozhekin in /Users/maksimkozhekin/IdeaProjects/BotZomboid)
2025-09-09T20:31:20.889+05:00  INFO 5110 --- [BotZomboid] [           main] c.d.p.b.BotZomboidApplicationTests       : No active profile set, falling back to 1 default profile: "default"
2025-09-09T20:31:21.275+05:00  INFO 5110 --- [BotZomboid] [           main] o.s.v.b.OptionalValidatorFactoryBean     : Failed to set up a Bean Validation provider: jakarta.validation.NoProviderFoundException: Unable to create a Configuration, because no Jakarta Bean Validation provider could be found. Add a provider like Hibernate Validator (RI) to your classpath.
2025-09-09T20:31:21.351+05:00  INFO 5110 --- [BotZomboid] [           main] c.d.p.b.BotZomboidApplicationTests       : Started BotZomboidApplicationTests in 0.552 seconds (process running for 0.901)
]]></system-out>
    <system-err><![CDATA[Mockito is currently self-attaching to enable the inline-mock-maker. This will no longer work in future releases of the JDK. Please add Mockito as an agent to your build as described in Mockito's documentation: https://javadoc.io/doc/org.mockito/mockito-core/latest/org.mockito/org/mockito/Mockito.html#0.3
WARNING: A Java agent has been loaded dynamically (/Users/maksimkozhekin/.m2/repository/net/bytebuddy/byte-buddy-agent/1.17.6/byte-buddy-agent-1.17.6.jar)
WARNING: If a serviceability tool is in use, please run with -XX:+EnableDynamicAgentLoading to hide this warning
WARNING: If a serviceability tool is not in use, please run with -Djdk.instrument.traceUsage for more information
WARNING: Dynamic loading of agents will be disallowed by default in a future release
]]></system-err>
  </testcase>
</testsuite>